-------------------------------------------------------------------------------
Test set: com.milestone.ApiPropertyAssessmentDAOTest
-------------------------------------------------------------------------------
Tests run: 2, Failures: 1, Errors: 0, Skipped: 0, Time elapsed: 2.934 s <<< FAILURE! - in com.milestone.ApiPropertyAssessmentDAOTest
testGetByNeighbourhood(com.milestone.ApiPropertyAssessmentDAOTest)  Time elapsed: 0.924 s  <<< FAILURE!
java.lang.AssertionError: expected:<0> but was:<1000>
	at com.milestone.ApiPropertyAssessmentDAOTest.testGetByNeighbourhood(ApiPropertyAssessmentDAOTest.java:48)

